<?xml version="1.0" encoding="UTF-8"?>
<!-- Generated by org.testng.reporters.JUnitReportReporter -->
<testsuite hostname="stationdev7" name="FailedOrNotYet.UpdateProfile" tests="1" failures="0" timestamp="30 May 2016 08:32:36 GMT" time="38.289" errors="0">
  <testcase name="updateuserProfile" time="38.289" classname="FailedOrNotYet.UpdateProfile"/>
</testsuite> <!-- FailedOrNotYet.UpdateProfile -->
