<?xml version="1.0" encoding="UTF-8"?>
<!-- Generated by org.testng.reporters.JUnitReportReporter -->
<testsuite hostname="stationdev7" name="FailedOrNotYet.EditPOstT" tests="1" failures="0" timestamp="30 May 2016 09:21:30 GMT" time="37.244" errors="0">
  <testcase name="editPOst" time="37.244" classname="FailedOrNotYet.EditPOstT"/>
</testsuite> <!-- FailedOrNotYet.EditPOstT -->
