<?xml version="1.0" encoding="UTF-8"?>
<!-- Generated by org.testng.reporters.JUnitReportReporter -->
<testsuite hostname="stationdev7" name="FailedOrNotYet.DeletePOstT" tests="1" failures="0" timestamp="1 Jun 2016 14:30:55 GMT" time="60.174" errors="0">
  <testcase name="deletePost" time="60.174" classname="FailedOrNotYet.DeletePOstT"/>
</testsuite> <!-- FailedOrNotYet.DeletePOstT -->
