<?xml version="1.0" encoding="UTF-8"?>
<!-- Generated by org.testng.reporters.JUnitReportReporter -->
<testsuite hostname="stationdev7" name="stepPOMTestcases.StepLoginWrong" tests="3" failures="0" timestamp="31 May 2016 10:25:37 GMT" time="40.107" errors="0">
  <testcase name="verifyLoginwrongPass" time="13.554" classname="stepPOMTestcases.StepLoginWrong"/>
  <testcase name="verifyLoginwrongEmail" time="9.622" classname="stepPOMTestcases.StepLoginWrong"/>
  <testcase name="verifyLoginwithoutaccount" time="16.931" classname="stepPOMTestcases.StepLoginWrong"/>
</testsuite> <!-- stepPOMTestcases.StepLoginWrong -->
