<?xml version="1.0" encoding="UTF-8"?>
<!-- Generated by org.testng.reporters.JUnitReportReporter -->
<testsuite hostname="stationdev7" name="stepPOMTestcases.StepBAT" tests="2" failures="0" timestamp="27 May 2016 11:44:40 GMT" time="29.076" errors="0">
  <testcase name="forgotPassword" time="18.323" classname="stepPOMTestcases.StepBAT"/>
  <testcase name="forgotPasswordWrong" time="10.753" classname="stepPOMTestcases.StepBAT"/>
</testsuite> <!-- stepPOMTestcases.StepBAT -->
