<?xml version="1.0" encoding="UTF-8"?>
<!-- Generated by org.testng.reporters.JUnitReportReporter -->
<testsuite hostname="stationdev7" name="stepPOMTestcases.StepCreatePOst" tests="1" failures="0" timestamp="1 Jun 2016 10:40:56 GMT" time="99.812" errors="0">
  <testcase name="createPost" time="99.812" classname="stepPOMTestcases.StepCreatePOst"/>
</testsuite> <!-- stepPOMTestcases.StepCreatePOst -->
