<?xml version="1.0" encoding="UTF-8"?>
<!-- Generated by org.testng.reporters.JUnitReportReporter -->
<testsuite hostname="stationdev7" name="stepPOMTestcases.ForgotPassWrong" tests="1" failures="0" timestamp="27 May 2016 12:08:35 GMT" time="48.138" errors="0">
  <testcase name="forgotPasswordWrong" time="48.138" classname="stepPOMTestcases.ForgotPassWrong"/>
</testsuite> <!-- stepPOMTestcases.ForgotPassWrong -->
