<?xml version="1.0" encoding="UTF-8"?>
<!-- Generated by org.testng.reporters.JUnitReportReporter -->
<testsuite hostname="stationdev7" name="FailedOrNotYet.EditAnalystPost" tests="1" failures="0" timestamp="31 May 2016 09:03:46 GMT" time="43.285" errors="0">
  <testcase name="editAnalystPost" time="43.285" classname="FailedOrNotYet.EditAnalystPost"/>
</testsuite> <!-- FailedOrNotYet.EditAnalystPost -->
